<?xml version="1.0" encoding="UTF-8"?>
<!-- Generated by org.testng.reporters.JUnitXMLReporter -->
<testsuite ignored="0" hostname="payalsi-GIFT" failures="0" tests="4" name="Test" time="17.929" errors="0" timestamp="2022-01-19T15:08:57 IST">
  <testcase classname="Academy.E2EProjectAgain.ValidateNavbarTest" name="ValidateNav" time="0.047"/>
  <testcase classname="Academy.E2EProjectAgain.ValidateTitle" name="Validatetitle" time="0.037"/>
  <testcase classname="Academy.E2EProjectAgain.LoginPageTest" name="LoginFunctionality" time="2.584"/>
  <testcase classname="Academy.E2EProjectAgain.LoginPageTest" name="LoginFunctionality" time="1.558"/>
</testsuite> <!-- Test -->
